<?xml version="1.0" encoding="UTF-8"?>
<!-- Generated by org.testng.reporters.JUnitXMLReporter -->
<testsuite ignored="0" hostname="LAPTOP-UMNAPHJP" failures="0" tests="4" name="EMI" time="40.057" errors="0" timestamp="2025-09-07T21:34:00 IST">
  <testcase classname="com.capstone.bank.tests.EmiTests" name="validateEmi" time="0.025"/>
  <testcase classname="com.capstone.bank.tests.EmiTests" name="validateEmi" time="0.001"/>
  <testcase classname="com.capstone.bank.tests.EmiTests" name="validateEmi" time="0.001"/>
  <testcase classname="com.capstone.bank.tests.EmiTests" name="validateEmi" time="0.002"/>
</testsuite> <!-- EMI -->
