<?xml version="1.0" encoding="UTF-8"?>
<!-- Generated by org.testng.reporters.JUnitXMLReporter -->
<testsuite ignored="0" hostname="LAPTOP-UMNAPHJP" failures="0" tests="2" name="Loan" time="40.423" errors="0" timestamp="2025-09-07T21:34:00 IST">
  <testcase classname="com.capstone.bank.tests.LoanTests" name="homeLoan_request_shouldReturnResult" time="8.533"/>
  <testcase classname="com.capstone.bank.tests.LoanTests" name="personalLoan_request_shouldReturnResult" time="6.486"/>
</testsuite> <!-- Loan -->
