<?xml version="1.0" encoding="UTF-8"?>
<!-- Generated by org.testng.reporters.JUnitXMLReporter -->
<testsuite ignored="0" hostname="LAPTOP-UMNAPHJP" failures="0" tests="4" name="EMI" time="24.216" errors="0" timestamp="2025-09-07T12:31:48 IST">
  <testcase classname="com.capstone.bank.tests.EmiTests" name="validateEmi" time="0.031"/>
  <testcase classname="com.capstone.bank.tests.EmiTests" name="validateEmi" time="0.017"/>
  <testcase classname="com.capstone.bank.tests.EmiTests" name="validateEmi" time="0.001"/>
  <testcase classname="com.capstone.bank.tests.EmiTests" name="validateEmi" time="0.074"/>
</testsuite> <!-- EMI -->
